[2026-04-12T00:12:32.768958] REGISTER username=elihunt password_hash=240be518fabd2724ddb6f04eeb1da5967448d7e831c08c8fa822809f74c720a9
[2026-04-12T00:12:32.769285] SET_ROLE username=elihunt role=admin
[2026-04-12T00:12:33.100973] SET_ROLE username=elihunt role=admin
[2026-04-12T00:13:03.285163] LOGIN_ATTEMPT username=elihunt success=True
[2026-04-12T00:49:46.597466] LOGIN_ATTEMPT username=elihunt success=False
[2026-04-12T00:49:50.932480] LOGIN_ATTEMPT username=elihunt success=True
[2026-04-12T00:52:49.228496] LOGIN_ATTEMPT username=elihunt success=True
[2026-04-12T00:53:43.414640] LOGIN_ATTEMPT username=elihunt success=True
[2026-04-12T00:54:32.967105] LOGIN_ATTEMPT username=elihunt success=True
[2026-04-12T00:58:47.449969] LOGIN_ATTEMPT username=elihunt success=True
[2026-04-12T01:02:25.083949] LOGIN_ATTEMPT username=elihunt success=True
[2026-04-12T01:12:07.018354] LOGIN_ATTEMPT username=elihunt success=True
[2026-04-12T01:20:08.662423] LOGIN_ATTEMPT username=elihunt success=True
[2026-04-12T01:20:50.616216] LOGIN_ATTEMPT username=elihunt success=False
[2026-04-12T01:20:55.012306] LOGIN_ATTEMPT username=elihunt success=True
[2026-04-12T01:22:22.295768] LOGIN_ATTEMPT username=elihunt success=True
[2026-04-12T01:23:37.587300] LOGIN_ATTEMPT username=elihunt success=True
[2026-04-12T01:26:50.690791] LOGIN_ATTEMPT username=elihunt success=True
[2026-04-12T01:31:28.984752] LOGIN_ATTEMPT username=elihunt success=False
[2026-04-12T01:31:35.325726] LOGIN_ATTEMPT username=elihunt success=True
[2026-04-12T01:32:58.833285] LOGIN_ATTEMPT username=elihunt success=True
[2026-04-12T01:36:24.222222] LOGIN_ATTEMPT username=elihunt success=False
[2026-04-12T01:36:29.125557] LOGIN_ATTEMPT username=elihunt success=True
[2026-04-12T01:39:22.351589] LOGIN_ATTEMPT username=elihunt success=True
[2026-04-12T01:40:40.964300] LOGIN_ATTEMPT username=elihunt success=True
[2026-04-12T01:41:00.620479] LOGIN_ATTEMPT username=elihunt success=True
[2026-04-12T01:42:36.618100] LOGIN_ATTEMPT username=elihunt success=True
[2026-04-12T01:50:28.572300] LOGIN_ATTEMPT username=elihunt success=True
[2026-04-12T01:53:38.177870] LOGIN_ATTEMPT username=elihunt success=True
[2026-04-12T01:55:48.461245] LOGIN_ATTEMPT username=elihunt success=True
[2026-04-12T01:57:51.341314] LOGIN_ATTEMPT username=elihunt success=True
[2026-04-12T02:16:02.780760] LOGIN_ATTEMPT username=elihunt success=False
[2026-04-12T02:16:07.609721] LOGIN_ATTEMPT username=elihunt success=True
[2026-04-12T02:21:14.132058] LOGIN_ATTEMPT username=elihunt success=True
[2026-04-12T02:25:46.539408] LOGIN_ATTEMPT username=elihunt success=True
[2026-04-12T02:28:34.614027] LOGIN_ATTEMPT username=elihunt success=True
[2026-04-12T02:29:34.788137] REGISTER username=test password_hash=8d969eef6ecad3c29a3a629280e686cf0c3f5d5a86aff3ca12020c923adc6c92
[2026-04-12T02:55:57.763023] LOGIN_ATTEMPT username=elihunt success=True
